[2024-07-19T18:29:27.142+0000] {taskinstance.py:1956} INFO - Dependencies all met for dep_context=non-requeueable deps ti=<TaskInstance: crypto_pipeline.process_data manual__2024-07-19T18:29:21.682726+00:00 [queued]>
[2024-07-19T18:29:27.149+0000] {taskinstance.py:1956} INFO - Dependencies all met for dep_context=requeueable deps ti=<TaskInstance: crypto_pipeline.process_data manual__2024-07-19T18:29:21.682726+00:00 [queued]>
[2024-07-19T18:29:27.150+0000] {taskinstance.py:2170} INFO - Starting attempt 1 of 1
[2024-07-19T18:29:27.162+0000] {taskinstance.py:2191} INFO - Executing <Task(PythonOperator): process_data> on 2024-07-19 18:29:21.682726+00:00
[2024-07-19T18:29:27.168+0000] {standard_task_runner.py:60} INFO - Started process 579 to run task
[2024-07-19T18:29:27.170+0000] {standard_task_runner.py:87} INFO - Running: ['***', 'tasks', 'run', 'crypto_pipeline', 'process_data', 'manual__2024-07-19T18:29:21.682726+00:00', '--job-id', '319', '--raw', '--subdir', 'DAGS_FOLDER/crypto_pipeline_dag.py', '--cfg-path', '/tmp/tmpxlzd_ecp']
[2024-07-19T18:29:27.171+0000] {standard_task_runner.py:88} INFO - Job 319: Subtask process_data
[2024-07-19T18:29:27.209+0000] {task_command.py:423} INFO - Running <TaskInstance: crypto_pipeline.process_data manual__2024-07-19T18:29:21.682726+00:00 [running]> on host 58dd90220664
[2024-07-19T18:29:27.268+0000] {taskinstance.py:2480} INFO - Exporting env vars: AIRFLOW_CTX_DAG_OWNER='***' AIRFLOW_CTX_DAG_ID='crypto_pipeline' AIRFLOW_CTX_TASK_ID='process_data' AIRFLOW_CTX_EXECUTION_DATE='2024-07-19T18:29:21.682726+00:00' AIRFLOW_CTX_TRY_NUMBER='1' AIRFLOW_CTX_DAG_RUN_ID='manual__2024-07-19T18:29:21.682726+00:00'
[2024-07-19T18:29:27.350+0000] {xcom.py:664} ERROR - Object of type Timestamp is not JSON serializable. If you are using pickle instead of JSON for XCom, then you need to enable pickle support for XCom in your *** config or make sure to decorate your object with attr.
[2024-07-19T18:29:27.357+0000] {taskinstance.py:2698} ERROR - Task failed with exception
Traceback (most recent call last):
  File "/home/airflow/.local/lib/python3.8/site-packages/airflow/utils/json.py", line 91, in default
    return serialize(o)
  File "/home/airflow/.local/lib/python3.8/site-packages/airflow/serialization/serde.py", line 180, in serialize
    raise TypeError(f"cannot serialize object of type {cls}")
TypeError: cannot serialize object of type <class 'pandas._libs.tslibs.timestamps.Timestamp'>

During handling of the above exception, another exception occurred:

Traceback (most recent call last):
  File "/home/airflow/.local/lib/python3.8/site-packages/airflow/models/taskinstance.py", line 433, in _execute_task
    result = execute_callable(context=context, **execute_callable_kwargs)
  File "/home/airflow/.local/lib/python3.8/site-packages/airflow/operators/python.py", line 199, in execute
    return_value = self.execute_callable()
  File "/home/airflow/.local/lib/python3.8/site-packages/airflow/operators/python.py", line 216, in execute_callable
    return self.python_callable(*self.op_args, **self.op_kwargs)
  File "/opt/airflow/dags/crypto_pipeline_dag.py", line 62, in process_data_with_xcom
    kwargs['ti'].xcom_push(key='processed_data', value=processed_data)
  File "/home/airflow/.local/lib/python3.8/site-packages/airflow/utils/session.py", line 79, in wrapper
    return func(*args, session=session, **kwargs)
  File "/home/airflow/.local/lib/python3.8/site-packages/airflow/models/taskinstance.py", line 2980, in xcom_push
    XCom.set(
  File "/home/airflow/.local/lib/python3.8/site-packages/airflow/utils/session.py", line 76, in wrapper
    return func(*args, **kwargs)
  File "/home/airflow/.local/lib/python3.8/site-packages/airflow/models/xcom.py", line 247, in set
    value = cls.serialize_value(
  File "/home/airflow/.local/lib/python3.8/site-packages/airflow/models/xcom.py", line 662, in serialize_value
    return json.dumps(value, cls=XComEncoder).encode("UTF-8")
  File "/usr/local/lib/python3.8/json/__init__.py", line 234, in dumps
    return cls(
  File "/home/airflow/.local/lib/python3.8/site-packages/airflow/utils/json.py", line 104, in encode
    return super().encode(o)
  File "/usr/local/lib/python3.8/json/encoder.py", line 199, in encode
    chunks = self.iterencode(o, _one_shot=True)
  File "/usr/local/lib/python3.8/json/encoder.py", line 257, in iterencode
    return _iterencode(o, 0)
  File "/home/airflow/.local/lib/python3.8/site-packages/airflow/utils/json.py", line 93, in default
    return super().default(o)
  File "/usr/local/lib/python3.8/json/encoder.py", line 179, in default
    raise TypeError(f'Object of type {o.__class__.__name__} '
TypeError: Object of type Timestamp is not JSON serializable
[2024-07-19T18:29:27.381+0000] {taskinstance.py:1138} INFO - Marking task as FAILED. dag_id=crypto_pipeline, task_id=process_data, execution_date=20240719T182921, start_date=20240719T182927, end_date=20240719T182927
[2024-07-19T18:29:27.405+0000] {standard_task_runner.py:107} ERROR - Failed to execute job 319 for task process_data (Object of type Timestamp is not JSON serializable; 579)
[2024-07-19T18:29:27.463+0000] {local_task_job_runner.py:234} INFO - Task exited with return code 1
[2024-07-19T18:29:27.492+0000] {taskinstance.py:3280} INFO - 0 downstream tasks scheduled from follow-on schedule check
